[debug] [2023-06-08T10:27:44.783Z] ----------------------------------------------------------------------
[debug] [2023-06-08T10:27:44.785Z] Command:       C:\Program Files\nodejs\node.exe C:\Users\bhard\AppData\Roaming\npm\node_modules\firebase-tools\lib\bin\firebase.js init
[debug] [2023-06-08T10:27:44.785Z] CLI Version:   12.3.1
[debug] [2023-06-08T10:27:44.786Z] Platform:      win32
[debug] [2023-06-08T10:27:44.786Z] Node Version:  v16.13.2
[debug] [2023-06-08T10:27:44.787Z] Time:          Thu Jun 08 2023 15:57:44 GMT+0530 (India Standard Time)
[debug] [2023-06-08T10:27:44.787Z] ----------------------------------------------------------------------
[debug] 
[debug] [2023-06-08T10:27:44.797Z] > command requires scopes: ["email","openid","https://www.googleapis.com/auth/cloudplatformprojects.readonly","https://www.googleapis.com/auth/firebase","https://www.googleapis.com/auth/cloud-platform"]
[debug] [2023-06-08T10:27:44.797Z] > authorizing via signed-in user (bhardwajuma001@gmail.com)
[info] 
     ######## #### ########  ######## ########     ###     ######  ########
     ##        ##  ##     ## ##       ##     ##  ##   ##  ##       ##
     ######    ##  ########  ######   ########  #########  ######  ######
     ##        ##  ##    ##  ##       ##     ## ##     ##       ## ##
     ##       #### ##     ## ######## ########  ##     ##  ######  ########

You're about to initialize a Firebase project in this directory:

  C:\Users\bhard\OneDrive\Desktop\Assignment\code-error-reporter

[info] 
=== Project Setup
[info] 
[info] First, let's associate this project directory with a Firebase project.
[info] You can create multiple project aliases by running firebase use --add, 
[info] but for now we'll just set up a default project.
[info] 
[info] i  If you want to create a project in a Google Cloud organization or folder, please use "firebase projects:create" instead, and return to this command when you've created the project. 
[debug] [2023-06-08T10:28:45.583Z] >>> [apiv2][query] POST https://cloudresourcemanager.googleapis.com/v1/projects [none]
[debug] [2023-06-08T10:28:45.583Z] >>> [apiv2][body] POST https://cloudresourcemanager.googleapis.com/v1/projects {"projectId":"uploader","name":"uploader"}
[debug] [2023-06-08T10:28:48.176Z] <<< [apiv2][status] POST https://cloudresourcemanager.googleapis.com/v1/projects 409
[debug] [2023-06-08T10:28:48.177Z] <<< [apiv2][body] POST https://cloudresourcemanager.googleapis.com/v1/projects {"error":{"code":409,"message":"Requested entity already exists","status":"ALREADY_EXISTS"}}
[debug] [2023-06-08T10:28:49.157Z] FirebaseError: HTTP Error: 409, Requested entity already exists
    at responseToError (C:\Users\bhard\AppData\Roaming\npm\node_modules\firebase-tools\lib\responseToError.js:49:12)
    at RetryOperation._fn (C:\Users\bhard\AppData\Roaming\npm\node_modules\firebase-tools\lib\apiv2.js:288:77)
    at processTicksAndRejections (node:internal/process/task_queues:96:5)
[error] 
[error] Error: Failed to create project because there is already a project with ID uploader. Please try again with a unique project ID.
[debug] [2023-06-08T10:29:00.960Z] ----------------------------------------------------------------------
[debug] [2023-06-08T10:29:00.963Z] Command:       C:\Program Files\nodejs\node.exe C:\Users\bhard\AppData\Roaming\npm\node_modules\firebase-tools\lib\bin\firebase.js init
[debug] [2023-06-08T10:29:00.963Z] CLI Version:   12.3.1
[debug] [2023-06-08T10:29:00.964Z] Platform:      win32
[debug] [2023-06-08T10:29:00.964Z] Node Version:  v16.13.2
[debug] [2023-06-08T10:29:00.965Z] Time:          Thu Jun 08 2023 15:59:00 GMT+0530 (India Standard Time)
[debug] [2023-06-08T10:29:00.965Z] ----------------------------------------------------------------------
[debug] 
[debug] [2023-06-08T10:29:00.973Z] > command requires scopes: ["email","openid","https://www.googleapis.com/auth/cloudplatformprojects.readonly","https://www.googleapis.com/auth/firebase","https://www.googleapis.com/auth/cloud-platform"]
[debug] [2023-06-08T10:29:00.973Z] > authorizing via signed-in user (bhardwajuma001@gmail.com)
[info] 
     ######## #### ########  ######## ########     ###     ######  ########
     ##        ##  ##     ## ##       ##     ##  ##   ##  ##       ##
     ######    ##  ########  ######   ########  #########  ######  ######
     ##        ##  ##    ##  ##       ##     ## ##     ##       ## ##
     ##       #### ##     ## ######## ########  ##     ##  ######  ########

You're about to initialize a Firebase project in this directory:

  C:\Users\bhard\OneDrive\Desktop\Assignment\code-error-reporter

[info] 
=== Project Setup
[info] 
[info] First, let's associate this project directory with a Firebase project.
[info] You can create multiple project aliases by running firebase use --add, 
[info] but for now we'll just set up a default project.
[info] 
[info] i  If you want to create a project in a Google Cloud organization or folder, please use "firebase projects:create" instead, and return to this command when you've created the project. 
[debug] [2023-06-08T10:30:02.694Z] >>> [apiv2][query] POST https://cloudresourcemanager.googleapis.com/v1/projects [none]
[debug] [2023-06-08T10:30:02.694Z] >>> [apiv2][body] POST https://cloudresourcemanager.googleapis.com/v1/projects {"projectId":"2345677","name":"2345677"}
[debug] [2023-06-08T10:30:04.366Z] <<< [apiv2][status] POST https://cloudresourcemanager.googleapis.com/v1/projects 400
[debug] [2023-06-08T10:30:04.367Z] <<< [apiv2][body] POST https://cloudresourcemanager.googleapis.com/v1/projects {"error":{"code":400,"message":"field [project_id] has issue [project_id contains invalid characters]","status":"INVALID_ARGUMENT","details":[{"@type":"type.googleapis.com/google.rpc.BadRequest","fieldViolations":[{"field":"project_id","description":"project_id contains invalid characters"}]},{"@type":"type.googleapis.com/google.rpc.Help","links":[{"url":"https://cloud.google.com/resource-manager/reference/rest/v1/projects"}]}]}}
[debug] [2023-06-08T10:30:05.664Z] FirebaseError: HTTP Error: 400, field [project_id] has issue [project_id contains invalid characters]
    at responseToError (C:\Users\bhard\AppData\Roaming\npm\node_modules\firebase-tools\lib\responseToError.js:49:12)
    at RetryOperation._fn (C:\Users\bhard\AppData\Roaming\npm\node_modules\firebase-tools\lib\apiv2.js:288:77)
    at processTicksAndRejections (node:internal/process/task_queues:96:5)
[error] 
[error] Error: Failed to create project. See firebase-debug.log for more info.
